<?xml version="1.0" encoding="UTF-8"?>
<!-- Generated by org.testng.reporters.JUnitReportReporter -->
<testsuite hostname="Babitha" failures="0" tests="5" name="com.NetBanking.TestCases.TC_Login_003" time="16.629" errors="0" timestamp="16 Oct 2022 22:47:07 GMT" skipped="0">
  <testcase classname="com.NetBanking.TestCases.TC_Login_003" name="loginDDT" time="2.508"/>
  <testcase classname="com.NetBanking.TestCases.TC_Login_003" name="loginDDT" time="4.686"/>
  <testcase classname="com.NetBanking.TestCases.TC_Login_003" name="loginDDT" time="2.976"/>
  <testcase classname="com.NetBanking.TestCases.TC_Login_003" name="loginDDT" time="2.482"/>
  <testcase classname="com.NetBanking.TestCases.TC_Login_003" name="loginDDT" time="3.977"/>
</testsuite> <!-- com.NetBanking.TestCases.TC_Login_003 -->
