<?xml version="1.0" encoding="UTF-8"?>
<!-- Generated by org.testng.reporters.JUnitReportReporter -->
<testsuite hostname="Babitha" failures="0" tests="1" name="com.NetBanking.TestCases.TC_Login_004" time="0.221" errors="0" timestamp="2022-10-14T18:10:00 IST" skipped="0">
  <testcase classname="com.NetBanking.TestCases.TC_Login_004" name="Reset" time="0.221"/>
  <system-out/>
</testsuite> <!-- com.NetBanking.TestCases.TC_Login_004 -->
