<?xml version="1.0" encoding="UTF-8"?>
<!-- Generated by org.testng.reporters.JUnitReportReporter -->
<testsuite hostname="Babitha" failures="0" tests="1" name="com.NetBanking.TestCases.TC_Login_005" time="2.636" errors="0" timestamp="16 Oct 2022 13:55:01 GMT" skipped="0">
  <testcase classname="com.NetBanking.TestCases.TC_Login_005" name="ValidRegister" time="2.636"/>
</testsuite> <!-- com.NetBanking.TestCases.TC_Login_005 -->
