<?xml version="1.0" encoding="UTF-8"?>
<!-- Generated by org.testng.reporters.JUnitReportReporter -->
<testsuite hostname="Babitha" failures="0" tests="5" name="com.NetBanking.TestCases.TC_Login_003" time="16.505" errors="0" timestamp="16 Oct 2022 13:55:01 GMT" skipped="0">
  <testcase classname="com.NetBanking.TestCases.TC_Login_003" name="loginDDT" time="2.276"/>
  <testcase classname="com.NetBanking.TestCases.TC_Login_003" name="loginDDT" time="2.193"/>
  <testcase classname="com.NetBanking.TestCases.TC_Login_003" name="loginDDT" time="4.435"/>
  <testcase classname="com.NetBanking.TestCases.TC_Login_003" name="loginDDT" time="4.479"/>
  <testcase classname="com.NetBanking.TestCases.TC_Login_003" name="loginDDT" time="3.122"/>
</testsuite> <!-- com.NetBanking.TestCases.TC_Login_003 -->
