<?xml version="1.0" encoding="UTF-8"?>
<!-- Generated by org.testng.reporters.JUnitReportReporter -->
<testsuite hostname="Babitha" failures="0" tests="1" name="com.NetBanking.TestCases.TC_Login_001" time="2.568" errors="0" timestamp="16 Oct 2022 13:55:01 GMT" skipped="0">
  <testcase classname="com.NetBanking.TestCases.TC_Login_001" name="Valid" time="2.568"/>
</testsuite> <!-- com.NetBanking.TestCases.TC_Login_001 -->
