<?xml version="1.0" encoding="UTF-8"?>
<!-- Generated by org.testng.reporters.JUnitReportReporter -->
<testsuite hostname="Babitha" failures="0" tests="1" name="com.NetBanking.TestCases.TC1_Login_001" time="2.972" errors="0" timestamp="2022-10-13T21:57:43 IST" skipped="0">
  <testcase classname="com.NetBanking.TestCases.TC1_Login_001" name="Testcase01" time="2.972"/>
  <system-out/>
</testsuite> <!-- com.NetBanking.TestCases.TC1_Login_001 -->
