<?xml version="1.0" encoding="UTF-8"?>
<!-- Generated by org.testng.reporters.JUnitReportReporter -->
<testsuite hostname="Babitha" failures="0" tests="1" name="com.NetBanking.TestCases.TC_Login_005" time="3.293" errors="0" timestamp="16 Oct 2022 15:37:27 GMT" skipped="0">
  <testcase classname="com.NetBanking.TestCases.TC_Login_005" name="ValidRegister" time="3.293"/>
</testsuite> <!-- com.NetBanking.TestCases.TC_Login_005 -->
