<?xml version="1.0" encoding="UTF-8"?>
<!-- Generated by org.testng.reporters.JUnitReportReporter -->
<testsuite hostname="Babitha" failures="0" tests="5" name="com.NetBanking.TestCases.TC_Login_003" time="17.648" errors="0" timestamp="16 Oct 2022 15:37:27 GMT" skipped="0">
  <testcase classname="com.NetBanking.TestCases.TC_Login_003" name="loginDDT" time="3.500"/>
  <testcase classname="com.NetBanking.TestCases.TC_Login_003" name="loginDDT" time="2.629"/>
  <testcase classname="com.NetBanking.TestCases.TC_Login_003" name="loginDDT" time="4.486"/>
  <testcase classname="com.NetBanking.TestCases.TC_Login_003" name="loginDDT" time="4.508"/>
  <testcase classname="com.NetBanking.TestCases.TC_Login_003" name="loginDDT" time="2.525"/>
</testsuite> <!-- com.NetBanking.TestCases.TC_Login_003 -->
