<?xml version="1.0" encoding="UTF-8"?>
<!-- Generated by org.testng.reporters.JUnitReportReporter -->
<testsuite hostname="Babitha" failures="0" tests="5" name="com.NetBanking.TestCases.TC_Login_003" time="19.407" errors="0" timestamp="16 Oct 2022 23:00:49 GMT" skipped="0">
  <testcase classname="com.NetBanking.TestCases.TC_Login_003" name="loginDDT" time="5.165"/>
  <testcase classname="com.NetBanking.TestCases.TC_Login_003" name="loginDDT" time="6.151"/>
  <testcase classname="com.NetBanking.TestCases.TC_Login_003" name="loginDDT" time="2.367"/>
  <testcase classname="com.NetBanking.TestCases.TC_Login_003" name="loginDDT" time="2.261"/>
  <testcase classname="com.NetBanking.TestCases.TC_Login_003" name="loginDDT" time="3.463"/>
</testsuite> <!-- com.NetBanking.TestCases.TC_Login_003 -->
